Started GET "/" for 127.0.0.1 at 2021-04-21 21:24:04 -0500
  [1m[35m (3.1ms)[0m  [1m[34mSELECT sqlite_version(*)[0m
Processing by WelcomeController#index as HTML
  Rendering layout layouts/application.html.erb
  Rendering welcome/index.html.erb within layouts/application
  Rendered welcome/index.html.erb within layouts/application (Duration: 2.3ms | Allocations: 398)
[Webpacker] Compiling...
[Webpacker] Compilation failed:
yarn run v1.22.10
info Visit https://yarnpkg.com/en/docs/cli/run for documentation about this command.


error Command "webpack" not found.

  Rendered layout layouts/application.html.erb (Duration: 1140.5ms | Allocations: 18392)
Completed 500 Internal Server Error in 1168ms (ActiveRecord: 0.0ms | Allocations: 22685)


  
ActionView::Template::Error (Webpacker can't find application.js in /Users/munib/fwtest/public/packs/manifest.json. Possible causes:
1. You want to set webpacker.yml value of compile to true for your environment
   unless you are using the `webpack -w` or the webpack-dev-server.
2. webpack has not yet re-run to reflect updates.
3. You have misconfigured Webpacker's config/webpacker.yml file.
4. Your webpack configuration is not creating a manifest.
Your manifest contains:
{
}
):
     7:     <%= csp_meta_tag %>
     8: 
     9:     <%= stylesheet_link_tag 'application', media: 'all', 'data-turbolinks-track': 'reload' %>
    10:     <%= javascript_pack_tag 'application', 'data-turbolinks-track': 'reload' %>
    11:   </head>
    12: 
    13:   <body>
  
app/views/layouts/application.html.erb:10
Started GET "/" for 127.0.0.1 at 2021-04-21 21:24:29 -0500
  [1m[35m (0.4ms)[0m  [1m[34mSELECT sqlite_version(*)[0m
Processing by WelcomeController#index as HTML
  Rendering layout layouts/application.html.erb
  Rendering welcome/index.html.erb within layouts/application
  Rendered welcome/index.html.erb within layouts/application (Duration: 1.0ms | Allocations: 235)
[Webpacker] Compiling...
[Webpacker] Compilation failed:
/System/Library/Frameworks/Ruby.framework/Versions/2.6/usr/bin/ruby: No such file or directory -- ./bin/webpack (LoadError)

  Rendered layout layouts/application.html.erb (Duration: 118.9ms | Allocations: 7956)
Completed 500 Internal Server Error in 137ms (ActiveRecord: 0.0ms | Allocations: 10965)


  
ActionView::Template::Error (Webpacker can't find application.js in /Users/munib/fwtest/public/packs/manifest.json. Possible causes:
1. You want to set webpacker.yml value of compile to true for your environment
   unless you are using the `webpack -w` or the webpack-dev-server.
2. webpack has not yet re-run to reflect updates.
3. You have misconfigured Webpacker's config/webpacker.yml file.
4. Your webpack configuration is not creating a manifest.
Your manifest contains:
{
}
):
     7:     <%= csp_meta_tag %>
     8: 
     9:     <%= stylesheet_link_tag 'application', media: 'all', 'data-turbolinks-track': 'reload' %>
    10:     <%= javascript_pack_tag 'application', 'data-turbolinks-track': 'reload' %>
    11:   </head>
    12: 
    13:   <body>
  
app/views/layouts/application.html.erb:10
Started GET "/" for 127.0.0.1 at 2021-04-21 21:28:16 -0500
  [1m[35m (1.2ms)[0m  [1m[34mSELECT sqlite_version(*)[0m
Processing by WelcomeController#index as HTML
  Rendering layout layouts/application.html.erb
  Rendering welcome/index.html.erb within layouts/application
  Rendered welcome/index.html.erb within layouts/application (Duration: 1.3ms | Allocations: 235)
[Webpacker] Compiling...
[Webpacker] Compilation failed:
yarn run v1.22.10
info Visit https://yarnpkg.com/en/docs/cli/run for documentation about this command.


error Command "webpack" not found.

  Rendered layout layouts/application.html.erb (Duration: 943.4ms | Allocations: 7960)
Completed 500 Internal Server Error in 961ms (ActiveRecord: 0.0ms | Allocations: 10628)


  
ActionView::Template::Error (Webpacker can't find application.js in /Users/munib/fwtest/public/packs/manifest.json. Possible causes:
1. You want to set webpacker.yml value of compile to true for your environment
   unless you are using the `webpack -w` or the webpack-dev-server.
2. webpack has not yet re-run to reflect updates.
3. You have misconfigured Webpacker's config/webpacker.yml file.
4. Your webpack configuration is not creating a manifest.
Your manifest contains:
{
}
):
     7:     <%= csp_meta_tag %>
     8: 
     9:     <%= stylesheet_link_tag 'application', media: 'all', 'data-turbolinks-track': 'reload' %>
    10:     <%= javascript_pack_tag 'application', 'data-turbolinks-track': 'reload' %>
    11:   </head>
    12: 
    13:   <body>
  
app/views/layouts/application.html.erb:10
Started GET "/" for 127.0.0.1 at 2021-04-21 21:29:38 -0500
  [1m[35m (0.5ms)[0m  [1m[34mSELECT sqlite_version(*)[0m
Processing by WelcomeController#index as HTML
  Rendering layout layouts/application.html.erb
  Rendering welcome/index.html.erb within layouts/application
  Rendered welcome/index.html.erb within layouts/application (Duration: 1.1ms | Allocations: 235)
  Rendered layout layouts/application.html.erb (Duration: 8.2ms | Allocations: 3817)
Completed 200 OK in 25ms (Views: 13.5ms | ActiveRecord: 0.0ms | Allocations: 6772)


Started GET "/" for 127.0.0.1 at 2021-04-21 21:31:00 -0500
Processing by WelcomeController#index as HTML
  Rendering layout layouts/application.html.erb
  Rendering welcome/index.html.erb within layouts/application
  Rendered welcome/index.html.erb within layouts/application (Duration: 0.5ms | Allocations: 114)
  Rendered layout layouts/application.html.erb (Duration: 4.6ms | Allocations: 1680)
Completed 200 OK in 10ms (Views: 9.1ms | ActiveRecord: 0.0ms | Allocations: 2803)


Started GET "/" for 127.0.0.1 at 2021-04-21 21:33:42 -0500
Processing by WelcomeController#index as HTML
  Rendering layout layouts/application.html.erb
  Rendering welcome/index.html.erb within layouts/application
  Rendered welcome/index.html.erb within layouts/application (Duration: 0.5ms | Allocations: 154)
  Rendered layout layouts/application.html.erb (Duration: 3.9ms | Allocations: 1720)
Completed 200 OK in 9ms (Views: 7.7ms | ActiveRecord: 0.0ms | Allocations: 2846)


Started GET "/" for 127.0.0.1 at 2021-04-21 21:33:45 -0500
Processing by WelcomeController#index as HTML
  Rendering layout layouts/application.html.erb
  Rendering welcome/index.html.erb within layouts/application
  Rendered welcome/index.html.erb within layouts/application (Duration: 0.1ms | Allocations: 47)
  Rendered layout layouts/application.html.erb (Duration: 2.3ms | Allocations: 1445)
Completed 200 OK in 3ms (Views: 2.8ms | ActiveRecord: 0.0ms | Allocations: 1825)


Started GET "/" for 127.0.0.1 at 2021-04-21 21:33:45 -0500
Processing by WelcomeController#index as HTML
  Rendering layout layouts/application.html.erb
  Rendering welcome/index.html.erb within layouts/application
  Rendered welcome/index.html.erb within layouts/application (Duration: 0.2ms | Allocations: 47)
  Rendered layout layouts/application.html.erb (Duration: 2.7ms | Allocations: 1443)
Completed 200 OK in 4ms (Views: 3.3ms | ActiveRecord: 0.0ms | Allocations: 1819)


Started GET "/" for 127.0.0.1 at 2021-04-21 21:36:03 -0500
Processing by WelcomeController#index as HTML
  Rendering layout layouts/application.html.erb
  Rendering welcome/index.html.erb within layouts/application
  Rendered welcome/index.html.erb within layouts/application (Duration: 0.6ms | Allocations: 119)
  Rendered layout layouts/application.html.erb (Duration: 4.5ms | Allocations: 1683)
Completed 200 OK in 10ms (Views: 8.9ms | Allocations: 2798)


Started GET "/" for 127.0.0.1 at 2021-04-21 21:51:45 -0500
Processing by WelcomeController#index as HTML
  Rendering layout layouts/application.html.erb
  Rendering welcome/index.html.erb within layouts/application
  Rendered welcome/index.html.erb within layouts/application (Duration: 28.6ms | Allocations: 6217)
  Rendered layout layouts/application.html.erb (Duration: 28.9ms | Allocations: 6288)
Completed 500 Internal Server Error in 51ms (Allocations: 7391)


  
ActionView::Template::Error (The asset "hireme.jpeg" is not present in the asset pipeline.
):
    3: 
    4: <p>Hire me!</p>
    5: 
    6: <%= image_tag "hireme.jpeg" %>
  
app/views/welcome/index.html.erb:6
Started GET "/" for 127.0.0.1 at 2021-04-21 21:52:24 -0500
Processing by WelcomeController#index as HTML
  Rendering layout layouts/application.html.erb
  Rendering welcome/index.html.erb within layouts/application
  Rendered welcome/index.html.erb within layouts/application (Duration: 0.8ms | Allocations: 162)
  Rendered layout layouts/application.html.erb (Duration: 5.6ms | Allocations: 1836)
Completed 200 OK in 10ms (Views: 7.9ms | Allocations: 3055)


Started GET "/public/images/hireme.jpeg" for 127.0.0.1 at 2021-04-21 21:52:24 -0500
  
ActionController::RoutingError (No route matches [GET] "/public/images/hireme.jpeg"):
  
Started GET "/" for 127.0.0.1 at 2021-04-21 21:52:27 -0500
Processing by WelcomeController#index as HTML
  Rendering layout layouts/application.html.erb
  Rendering welcome/index.html.erb within layouts/application
  Rendered welcome/index.html.erb within layouts/application (Duration: 0.2ms | Allocations: 52)
  Rendered layout layouts/application.html.erb (Duration: 2.6ms | Allocations: 1448)
Completed 200 OK in 4ms (Views: 3.3ms | Allocations: 1825)


Started GET "/public/images/hireme.jpeg" for 127.0.0.1 at 2021-04-21 21:52:27 -0500
  
ActionController::RoutingError (No route matches [GET] "/public/images/hireme.jpeg"):
  
Started GET "/" for 127.0.0.1 at 2021-04-21 21:52:28 -0500
Processing by WelcomeController#index as HTML
  Rendering layout layouts/application.html.erb
  Rendering welcome/index.html.erb within layouts/application
  Rendered welcome/index.html.erb within layouts/application (Duration: 0.2ms | Allocations: 52)
  Rendered layout layouts/application.html.erb (Duration: 2.7ms | Allocations: 1449)
Completed 200 OK in 4ms (Views: 3.4ms | Allocations: 1825)


Started GET "/public/images/hireme.jpeg" for 127.0.0.1 at 2021-04-21 21:52:28 -0500
  
ActionController::RoutingError (No route matches [GET] "/public/images/hireme.jpeg"):
  
Started GET "/" for 127.0.0.1 at 2021-04-21 21:52:28 -0500
Processing by WelcomeController#index as HTML
  Rendering layout layouts/application.html.erb
  Rendering welcome/index.html.erb within layouts/application
  Rendered welcome/index.html.erb within layouts/application (Duration: 0.2ms | Allocations: 52)
  Rendered layout layouts/application.html.erb (Duration: 3.1ms | Allocations: 1448)
Completed 200 OK in 4ms (Views: 3.9ms | Allocations: 1824)


Started GET "/public/images/hireme.jpeg" for 127.0.0.1 at 2021-04-21 21:52:28 -0500
  
ActionController::RoutingError (No route matches [GET] "/public/images/hireme.jpeg"):
  
Started GET "/" for 127.0.0.1 at 2021-04-21 21:57:15 -0500
  [1m[35m (1.0ms)[0m  [1m[34mSELECT sqlite_version(*)[0m
Processing by WelcomeController#index as HTML
  Rendering layout layouts/application.html.erb
  Rendering welcome/index.html.erb within layouts/application
  Rendered welcome/index.html.erb within layouts/application (Duration: 1.6ms | Allocations: 285)
  Rendered layout layouts/application.html.erb (Duration: 32.2ms | Allocations: 7041)
Completed 200 OK in 58ms (Views: 38.9ms | ActiveRecord: 0.0ms | Allocations: 9908)


Started GET "/public/images/hireme.jpeg" for 127.0.0.1 at 2021-04-21 21:57:15 -0500
  
ActionController::RoutingError (No route matches [GET] "/public/images/hireme.jpeg"):
  
Started GET "/" for 127.0.0.1 at 2021-04-21 21:57:17 -0500
Processing by WelcomeController#index as HTML
  Rendering layout layouts/application.html.erb
  Rendering welcome/index.html.erb within layouts/application
  Rendered welcome/index.html.erb within layouts/application (Duration: 0.2ms | Allocations: 65)
  Rendered layout layouts/application.html.erb (Duration: 3.1ms | Allocations: 1583)
Completed 200 OK in 5ms (Views: 4.0ms | ActiveRecord: 0.0ms | Allocations: 2042)


Started GET "/public/images/hireme.jpeg" for 127.0.0.1 at 2021-04-21 21:57:17 -0500
  
ActionController::RoutingError (No route matches [GET] "/public/images/hireme.jpeg"):
  
Started GET "/" for 127.0.0.1 at 2021-04-21 21:57:37 -0500
Processing by WelcomeController#index as HTML
  Rendering layout layouts/application.html.erb
  Rendering welcome/index.html.erb within layouts/application
  Rendered welcome/index.html.erb within layouts/application (Duration: 2.0ms | Allocations: 673)
  Rendered layout layouts/application.html.erb (Duration: 5.2ms | Allocations: 2158)
Completed 200 OK in 8ms (Views: 7.1ms | ActiveRecord: 0.0ms | Allocations: 3292)


Started GET "/" for 127.0.0.1 at 2021-04-21 21:58:24 -0500
Processing by WelcomeController#index as HTML
  Rendering layout layouts/application.html.erb
  Rendering welcome/index.html.erb within layouts/application
  Rendered welcome/index.html.erb within layouts/application (Duration: 1.9ms | Allocations: 669)
  Rendered layout layouts/application.html.erb (Duration: 5.5ms | Allocations: 2151)
Completed 200 OK in 8ms (Views: 7.2ms | ActiveRecord: 0.0ms | Allocations: 3266)


Started GET "/" for 127.0.0.1 at 2021-04-21 22:28:56 -0500
  [1m[35m (0.8ms)[0m  [1m[34mSELECT sqlite_version(*)[0m
Processing by WelcomeController#index as HTML
  Rendering layout layouts/application.html.erb
  Rendering welcome/index.html.erb within layouts/application
  Rendered welcome/index.html.erb within layouts/application (Duration: 8.7ms | Allocations: 2871)
  Rendered layout layouts/application.html.erb (Duration: 13.5ms | Allocations: 4569)
Completed 200 OK in 32ms (Views: 18.5ms | ActiveRecord: 0.0ms | Allocations: 7320)


Started GET "/" for 127.0.0.1 at 2021-04-21 22:44:35 -0500
  [1m[35m (0.7ms)[0m  [1m[34mSELECT sqlite_version(*)[0m
Processing by WelcomeController#index as HTML
  Rendering layout layouts/application.html.erb
  Rendering welcome/index.html.erb within layouts/application
  Rendered welcome/index.html.erb within layouts/application (Duration: 19.8ms | Allocations: 2875)
  Rendered layout layouts/application.html.erb (Duration: 50.0ms | Allocations: 4591)
Completed 200 OK in 80ms (Views: 54.5ms | ActiveRecord: 0.0ms | Allocations: 7717)


